<?xml version="1.0" encoding="UTF-8"?>
<!-- Generated by org.testng.reporters.JUnitXMLReporter -->
<testsuite ignored="0" hostname="FEV-PC" failures="0" tests="4" name="Test" time="34.739" errors="0" timestamp="2023-06-11T11:06:44 ART">
  <testcase classname="com.selenium.Test.TestCaseWiki2" name="validarCarTextNuevo" time="4.678"/>
  <testcase classname="com.selenium.Test.TestCaseWiki2" name="validarCarTextNuevo" time="5.061"/>
  <testcase classname="com.selenium.Test.TestCaseWiki2" name="validarCarTextNuevo" time="4.747"/>
  <testcase classname="com.selenium.Test.TestCaseWiki2" name="validarCarTextNuevo" time="5.384"/>
</testsuite> <!-- Test -->
