<?xml version="1.0" encoding="UTF-8"?>
<testng-results ignored="0" total="4" passed="4" failed="0" skipped="0">
  <reporter-output>
    <line>
      <![CDATA[Abro browser]]>
    </line>
    <line>
      <![CDATA[Localizar y comprobar que la caja de busqueda se muestra]]>
    </line>
    <line>
      <![CDATA[Ingresar la palabra TDD]]>
    </line>
    <line>
      <![CDATA[Presionar Enter]]>
    </line>
    <line>
      <![CDATA[Validar que el título sea Desarrollo guiado por pruebas]]>
    </line>
    <line>
      <![CDATA[Valida que el título sea TDD]]>
    </line>
    <line>
      <![CDATA[Localizar y comprobar que el titulo este disponible]]>
    </line>
    <line>
      <![CDATA[Cerrar Browser]]>
    </line>
    <line>
      <![CDATA[Cerrando el browser]]>
    </line>
    <line>
      <![CDATA[Abro browser]]>
    </line>
    <line>
      <![CDATA[Localizar y comprobar que la caja de busqueda se muestra]]>
    </line>
    <line>
      <![CDATA[Ingresar la palabra JAVA]]>
    </line>
    <line>
      <![CDATA[Presionar Enter]]>
    </line>
    <line>
      <![CDATA[Validar que el título sea Java (lenguaje de programación)]]>
    </line>
    <line>
      <![CDATA[Valida que el título sea JAVA]]>
    </line>
    <line>
      <![CDATA[Localizar y comprobar que el titulo este disponible]]>
    </line>
    <line>
      <![CDATA[Cerrar Browser]]>
    </line>
    <line>
      <![CDATA[Cerrando el browser]]>
    </line>
    <line>
      <![CDATA[Abro browser]]>
    </line>
    <line>
      <![CDATA[Localizar y comprobar que la caja de busqueda se muestra]]>
    </line>
    <line>
      <![CDATA[Ingresar la palabra DATA DRIVEN TESTING]]>
    </line>
    <line>
      <![CDATA[Presionar Enter]]>
    </line>
    <line>
      <![CDATA[Validar que el título sea Data-driven testing]]>
    </line>
    <line>
      <![CDATA[Valida que el título sea DATA DRIVEN TESTING]]>
    </line>
    <line>
      <![CDATA[Localizar y comprobar que el titulo este disponible]]>
    </line>
    <line>
      <![CDATA[Cerrar Browser]]>
    </line>
    <line>
      <![CDATA[Cerrando el browser]]>
    </line>
    <line>
      <![CDATA[Abro browser]]>
    </line>
    <line>
      <![CDATA[Localizar y comprobar que la caja de busqueda se muestra]]>
    </line>
    <line>
      <![CDATA[Ingresar la palabra Selenium]]>
    </line>
    <line>
      <![CDATA[Presionar Enter]]>
    </line>
    <line>
      <![CDATA[Validar que el título sea Selenium]]>
    </line>
    <line>
      <![CDATA[Valida que el título sea Selenium]]>
    </line>
    <line>
      <![CDATA[Localizar y comprobar que el titulo este disponible]]>
    </line>
    <line>
      <![CDATA[Cerrar Browser]]>
    </line>
    <line>
      <![CDATA[Cerrando el browser]]>
    </line>
  </reporter-output>
  <suite started-at="2023-06-11T11:06:10 ART" name="Suite" finished-at="2023-06-11T11:06:44 ART" duration-ms="34739">
    <groups>
    </groups>
    <test started-at="2023-06-11T11:06:10 ART" name="Test" finished-at="2023-06-11T11:06:44 ART" duration-ms="34739">
      <class name="com.selenium.Test.TestCaseWiki2">
        <test-method is-config="true" signature="abrirBrowser(org.testng.ITestContext)[pri:0, instance:com.selenium.Test.TestCaseWiki2@485966cc]" started-at="2023-06-11T11:06:10 ART" name="abrirBrowser" finished-at="2023-06-11T11:06:15 ART" duration-ms="5167" status="PASS">
          <params>
            <param index="0">
              <value>
                <![CDATA[org.testng.TestRunner@6a0094c9]]>
              </value>
            </param>
          </params>
          <reporter-output>
            <line>
              <![CDATA[Abro browser]]>
            </line>
          </reporter-output>
        </test-method> <!-- abrirBrowser -->
        <test-method signature="validarCarTextNuevo(java.lang.String,java.lang.String)[pri:0, instance:com.selenium.Test.TestCaseWiki2@485966cc]" started-at="2023-06-11T11:06:15 ART" name="validarCarTextNuevo" description="validar y verificar que Wikipedia HomePage contine el campo búsqueda" data-provider="datos" finished-at="2023-06-11T11:06:20 ART" duration-ms="4678" status="PASS">
          <params>
            <param index="0">
              <value>
                <![CDATA[TDD]]>
              </value>
            </param>
            <param index="1">
              <value>
                <![CDATA[Desarrollo guiado por pruebas]]>
              </value>
            </param>
          </params>
          <reporter-output>
            <line>
              <![CDATA[Localizar y comprobar que la caja de busqueda se muestra]]>
            </line>
            <line>
              <![CDATA[Ingresar la palabra TDD]]>
            </line>
            <line>
              <![CDATA[Presionar Enter]]>
            </line>
            <line>
              <![CDATA[Validar que el título sea Desarrollo guiado por pruebas]]>
            </line>
            <line>
              <![CDATA[Valida que el título sea TDD]]>
            </line>
            <line>
              <![CDATA[Localizar y comprobar que el titulo este disponible]]>
            </line>
          </reporter-output>
        </test-method> <!-- validarCarTextNuevo -->
        <test-method is-config="true" signature="cerrarBrowser()[pri:0, instance:com.selenium.Test.TestCaseWiki2@485966cc]" started-at="2023-06-11T11:06:20 ART" name="cerrarBrowser" finished-at="2023-06-11T11:06:20 ART" duration-ms="506" status="PASS">
          <reporter-output>
            <line>
              <![CDATA[Cerrar Browser]]>
            </line>
            <line>
              <![CDATA[Cerrando el browser]]>
            </line>
          </reporter-output>
        </test-method> <!-- cerrarBrowser -->
        <test-method is-config="true" signature="abrirBrowser(org.testng.ITestContext)[pri:0, instance:com.selenium.Test.TestCaseWiki2@485966cc]" started-at="2023-06-11T11:06:20 ART" name="abrirBrowser" finished-at="2023-06-11T11:06:23 ART" duration-ms="2848" status="PASS">
          <params>
            <param index="0">
              <value>
                <![CDATA[org.testng.TestRunner@6a0094c9]]>
              </value>
            </param>
          </params>
          <reporter-output>
            <line>
              <![CDATA[Abro browser]]>
            </line>
          </reporter-output>
        </test-method> <!-- abrirBrowser -->
        <test-method signature="validarCarTextNuevo(java.lang.String,java.lang.String)[pri:0, instance:com.selenium.Test.TestCaseWiki2@485966cc]" started-at="2023-06-11T11:06:23 ART" name="validarCarTextNuevo" description="validar y verificar que Wikipedia HomePage contine el campo búsqueda" data-provider="datos" finished-at="2023-06-11T11:06:28 ART" duration-ms="5061" status="PASS">
          <params>
            <param index="0">
              <value>
                <![CDATA[JAVA]]>
              </value>
            </param>
            <param index="1">
              <value>
                <![CDATA[Java (lenguaje de programación)]]>
              </value>
            </param>
          </params>
          <reporter-output>
            <line>
              <![CDATA[Localizar y comprobar que la caja de busqueda se muestra]]>
            </line>
            <line>
              <![CDATA[Ingresar la palabra JAVA]]>
            </line>
            <line>
              <![CDATA[Presionar Enter]]>
            </line>
            <line>
              <![CDATA[Validar que el título sea Java (lenguaje de programación)]]>
            </line>
            <line>
              <![CDATA[Valida que el título sea JAVA]]>
            </line>
            <line>
              <![CDATA[Localizar y comprobar que el titulo este disponible]]>
            </line>
          </reporter-output>
        </test-method> <!-- validarCarTextNuevo -->
        <test-method is-config="true" signature="cerrarBrowser()[pri:0, instance:com.selenium.Test.TestCaseWiki2@485966cc]" started-at="2023-06-11T11:06:28 ART" name="cerrarBrowser" finished-at="2023-06-11T11:06:28 ART" duration-ms="337" status="PASS">
          <reporter-output>
            <line>
              <![CDATA[Cerrar Browser]]>
            </line>
            <line>
              <![CDATA[Cerrando el browser]]>
            </line>
          </reporter-output>
        </test-method> <!-- cerrarBrowser -->
        <test-method is-config="true" signature="abrirBrowser(org.testng.ITestContext)[pri:0, instance:com.selenium.Test.TestCaseWiki2@485966cc]" started-at="2023-06-11T11:06:28 ART" name="abrirBrowser" finished-at="2023-06-11T11:06:31 ART" duration-ms="2525" status="PASS">
          <params>
            <param index="0">
              <value>
                <![CDATA[org.testng.TestRunner@6a0094c9]]>
              </value>
            </param>
          </params>
          <reporter-output>
            <line>
              <![CDATA[Abro browser]]>
            </line>
          </reporter-output>
        </test-method> <!-- abrirBrowser -->
        <test-method signature="validarCarTextNuevo(java.lang.String,java.lang.String)[pri:0, instance:com.selenium.Test.TestCaseWiki2@485966cc]" started-at="2023-06-11T11:06:31 ART" name="validarCarTextNuevo" description="validar y verificar que Wikipedia HomePage contine el campo búsqueda" data-provider="datos" finished-at="2023-06-11T11:06:36 ART" duration-ms="4747" status="PASS">
          <params>
            <param index="0">
              <value>
                <![CDATA[DATA DRIVEN TESTING]]>
              </value>
            </param>
            <param index="1">
              <value>
                <![CDATA[Data-driven testing]]>
              </value>
            </param>
          </params>
          <reporter-output>
            <line>
              <![CDATA[Localizar y comprobar que la caja de busqueda se muestra]]>
            </line>
            <line>
              <![CDATA[Ingresar la palabra DATA DRIVEN TESTING]]>
            </line>
            <line>
              <![CDATA[Presionar Enter]]>
            </line>
            <line>
              <![CDATA[Validar que el título sea Data-driven testing]]>
            </line>
            <line>
              <![CDATA[Valida que el título sea DATA DRIVEN TESTING]]>
            </line>
            <line>
              <![CDATA[Localizar y comprobar que el titulo este disponible]]>
            </line>
          </reporter-output>
        </test-method> <!-- validarCarTextNuevo -->
        <test-method is-config="true" signature="cerrarBrowser()[pri:0, instance:com.selenium.Test.TestCaseWiki2@485966cc]" started-at="2023-06-11T11:06:36 ART" name="cerrarBrowser" finished-at="2023-06-11T11:06:36 ART" duration-ms="324" status="PASS">
          <reporter-output>
            <line>
              <![CDATA[Cerrar Browser]]>
            </line>
            <line>
              <![CDATA[Cerrando el browser]]>
            </line>
          </reporter-output>
        </test-method> <!-- cerrarBrowser -->
        <test-method is-config="true" signature="abrirBrowser(org.testng.ITestContext)[pri:0, instance:com.selenium.Test.TestCaseWiki2@485966cc]" started-at="2023-06-11T11:06:36 ART" name="abrirBrowser" finished-at="2023-06-11T11:06:39 ART" duration-ms="2777" status="PASS">
          <params>
            <param index="0">
              <value>
                <![CDATA[org.testng.TestRunner@6a0094c9]]>
              </value>
            </param>
          </params>
          <reporter-output>
            <line>
              <![CDATA[Abro browser]]>
            </line>
          </reporter-output>
        </test-method> <!-- abrirBrowser -->
        <test-method signature="validarCarTextNuevo(java.lang.String,java.lang.String)[pri:0, instance:com.selenium.Test.TestCaseWiki2@485966cc]" started-at="2023-06-11T11:06:39 ART" name="validarCarTextNuevo" description="validar y verificar que Wikipedia HomePage contine el campo búsqueda" data-provider="datos" finished-at="2023-06-11T11:06:44 ART" duration-ms="5384" status="PASS">
          <params>
            <param index="0">
              <value>
                <![CDATA[Selenium]]>
              </value>
            </param>
            <param index="1">
              <value>
                <![CDATA[Selenium]]>
              </value>
            </param>
          </params>
          <reporter-output>
            <line>
              <![CDATA[Localizar y comprobar que la caja de busqueda se muestra]]>
            </line>
            <line>
              <![CDATA[Ingresar la palabra Selenium]]>
            </line>
            <line>
              <![CDATA[Presionar Enter]]>
            </line>
            <line>
              <![CDATA[Validar que el título sea Selenium]]>
            </line>
            <line>
              <![CDATA[Valida que el título sea Selenium]]>
            </line>
            <line>
              <![CDATA[Localizar y comprobar que el titulo este disponible]]>
            </line>
          </reporter-output>
        </test-method> <!-- validarCarTextNuevo -->
        <test-method is-config="true" signature="cerrarBrowser()[pri:0, instance:com.selenium.Test.TestCaseWiki2@485966cc]" started-at="2023-06-11T11:06:44 ART" name="cerrarBrowser" finished-at="2023-06-11T11:06:44 ART" duration-ms="320" status="PASS">
          <reporter-output>
            <line>
              <![CDATA[Cerrar Browser]]>
            </line>
            <line>
              <![CDATA[Cerrando el browser]]>
            </line>
          </reporter-output>
        </test-method> <!-- cerrarBrowser -->
      </class> <!-- com.selenium.Test.TestCaseWiki2 -->
    </test> <!-- Test -->
  </suite> <!-- Suite -->
</testng-results>
